<?xml version="1.0" encoding="UTF-8"?>
<testsuite name="ex02.MyStackTest" tests="1" skipped="0" failures="0" errors="0" timestamp="2022-05-10T05:38:42" hostname="chaemyeongjeong-ui-MacBookAir.local" time="0.043">
  <properties/>
  <testcase name="myStackTest()" classname="ex02.MyStackTest" time="0.043"/>
  <system-out><![CDATA[MyStack{stack=[1, 2, 3]}
MyStack{stack=[1, 2]}
MyStack{stack=[1]}
]]></system-out>
  <system-err><![CDATA[]]></system-err>
</testsuite>
