<?xml version="1.0" encoding="UTF-8"?>
<testsuite name="ex01.QueueClassTest" tests="1" skipped="0" failures="0" errors="0" timestamp="2022-05-09T23:42:54" hostname="chaemyeongjeong-ui-MacBookAir.local" time="0.031">
  <properties/>
  <testcase name="queueTest()" classname="ex01.QueueClassTest" time="0.031"/>
  <system-out><![CDATA[[1, 2]
[2]
[]
]]></system-out>
  <system-err><![CDATA[]]></system-err>
</testsuite>
