<?xml version="1.0" encoding="UTF-8"?>
<testsuite name="ex04.DoubleLinkedListTest" tests="1" skipped="0" failures="0" errors="0" timestamp="2022-05-17T04:07:58" hostname="chaemyeongjeong-ui-MacBookAir.local" time="0.042">
  <properties/>
  <testcase name="doubleLinkedList()" classname="ex04.DoubleLinkedListTest" time="0.042"/>
  <system-out><![CDATA[1
2
3
4
5
-------------
1
2
2
3
4
5
----------
0
0
1
2
2
3
4
5
-------------
0
0
1
2
2
3
4
5
6
]]></system-out>
  <system-err><![CDATA[]]></system-err>
</testsuite>
