<?xml version="1.0" encoding="UTF-8"?>
<testsuite name="ex06.NodeMgmtTest" tests="1" skipped="0" failures="0" errors="0" timestamp="2022-05-24T07:40:47" hostname="chaemyeongjeong-ui-MacBookAir.local" time="0.03">
  <properties/>
  <testcase name="treeNodeTest()" classname="ex06.NodeMgmtTest" time="0.03"/>
  <system-out><![CDATA[3
4
]]></system-out>
  <system-err><![CDATA[]]></system-err>
</testsuite>
