<?xml version="1.0" encoding="UTF-8"?>
<testsuite name="ex01.ArrayTest" tests="1" skipped="0" failures="0" errors="0" timestamp="2022-05-09T13:04:14" hostname="chaemyeongjeong-ui-MacBookAir.local" time="0.019">
  <properties/>
  <testcase name="mCountTest()" classname="ex01.ArrayTest" time="0.019"/>
  <system-out><![CDATA[26
]]></system-out>
  <system-err><![CDATA[]]></system-err>
</testsuite>
